<?xml version="1.0" encoding="UTF-8"?>
<!-- Generated by org.testng.reporters.JUnitXMLReporter -->
<testsuite hostname="LENOVO" name="Default test" tests="4" failures="0" timestamp="17 May 2017 14:17:46 GMT" time="0.39" errors="0">
  <testcase name="@BeforeClass setUp" time="0.0" classname="com.BankerChat.testScript.Sprint1_FullCycle.TestExecute">
    <failure type="java.io.FileNotFoundException" message="E:\BankerChat\Workspace\BankerChatWithATUReporter-new\src\com\BankerChat\config\config.properties (The system cannot find the path specified)">
      <![CDATA[java.io.FileNotFoundException: E:\BankerChat\Workspace\BankerChatWithATUReporter-new\src\com\BankerChat\config\config.properties (The system cannot find the path specified)
	at java.io.FileInputStream.open(Native Method)
	at java.io.FileInputStream.<init>(FileInputStream.java:138)
	at com.BankerChat.TestSuiteBase.TestBase.loadPropertiesFile(TestBase.java:53)
	at com.BankerChat.TestSuiteBase.TestBase.init(TestBase.java:41)
	at com.BankerChat.testScript.Sprint1_FullCycle.TestExecute.setUp(TestExecute.java:18)
	at sun.reflect.NativeMethodAccessorImpl.invoke0(Native Method)
	at sun.reflect.NativeMethodAccessorImpl.invoke(NativeMethodAccessorImpl.java:62)
	at sun.reflect.DelegatingMethodAccessorImpl.invoke(DelegatingMethodAccessorImpl.java:43)
	at java.lang.reflect.Method.invoke(Method.java:483)
	at org.testng.internal.MethodInvocationHelper.invokeMethod(MethodInvocationHelper.java:100)
	at org.testng.internal.Invoker.invokeConfigurationMethod(Invoker.java:515)
	at org.testng.internal.Invoker.invokeConfigurations(Invoker.java:216)
	at org.testng.internal.Invoker.invokeConfigurations(Invoker.java:143)
	at org.testng.internal.TestMethodWorker.invokeBeforeClassMethods(TestMethodWorker.java:169)
	at org.testng.internal.TestMethodWorker.run(TestMethodWorker.java:108)
	at org.testng.TestRunner.privateRun(TestRunner.java:753)
	at org.testng.TestRunner.run(TestRunner.java:607)
	at org.testng.SuiteRunner.runTest(SuiteRunner.java:368)
	at org.testng.SuiteRunner.runSequentially(SuiteRunner.java:363)
	at org.testng.SuiteRunner.privateRun(SuiteRunner.java:321)
	at org.testng.SuiteRunner.run(SuiteRunner.java:270)
	at org.testng.SuiteRunnerWorker.runSuite(SuiteRunnerWorker.java:52)
	at org.testng.SuiteRunnerWorker.run(SuiteRunnerWorker.java:86)
	at org.testng.TestNG.runSuitesSequentially(TestNG.java:1284)
	at org.testng.TestNG.runSuitesLocally(TestNG.java:1209)
	at org.testng.TestNG.runSuites(TestNG.java:1124)
	at org.testng.TestNG.run(TestNG.java:1096)
	at org.testng.remote.AbstractRemoteTestNG.run(AbstractRemoteTestNG.java:132)
	at org.testng.remote.RemoteTestNG.initAndRun(RemoteTestNG.java:236)
	at org.testng.remote.RemoteTestNG.main(RemoteTestNG.java:81)
]]>
    </failure>
  </testcase> <!-- @BeforeClass setUp -->
  <testcase name="@AfterClass testDown" time="0.0" classname="com.BankerChat.testScript.Sprint1_FullCycle.TestExecute">
    <skipped/>
  </testcase> <!-- @AfterClass testDown -->
  <testcase name="testLogin" time="0.023" classname="com.BankerChat.testScript.Sprint1_FullCycle.TestExecute">
    <skipped/>
  </testcase> <!-- testLogin -->
  <testcase name="testUnclaimed" time="0.031" classname="com.BankerChat.testScript.Sprint1_FullCycle.TestExecute">
    <skipped/>
  </testcase> <!-- testUnclaimed -->
  <testcase name="testClaimed" time="0.06" classname="com.BankerChat.testScript.Sprint1_FullCycle.TestExecute">
    <skipped/>
  </testcase> <!-- testClaimed -->
  <testcase name="testSignOut" time="0.022" classname="com.BankerChat.testScript.Sprint1_FullCycle.TestExecute">
    <skipped/>
  </testcase> <!-- testSignOut -->
</testsuite> <!-- Default test -->
